<?xml version="1.0" encoding="UTF-8"?>
<testng-results skipped="0" failed="0" ignored="0" total="1" passed="1">
  <reporter-output>
  </reporter-output>
  <suite name="Default suite" duration-ms="23612" started-at="2017-09-21T01:35:19Z" finished-at="2017-09-21T01:35:43Z">
    <groups>
    </groups>
    <test name="Default test" duration-ms="23612" started-at="2017-09-21T01:35:19Z" finished-at="2017-09-21T01:35:43Z">
      <class name="GoogleProject.TestLogin">
        <test-method status="PASS" signature="beforeClass()[pri:0, instance:GoogleProject.TestLogin@1fa1d9b]" name="beforeClass" is-config="true" duration-ms="8095" started-at="2017-09-20T18:35:19Z" finished-at="2017-09-20T18:35:28Z">
          <reporter-output>
          </reporter-output>
        </test-method> <!-- beforeClass -->
        <test-method status="PASS" signature="testLogin()[pri:0, instance:GoogleProject.TestLogin@1fa1d9b]" name="testLogin" duration-ms="15496" started-at="2017-09-20T18:35:28Z" finished-at="2017-09-20T18:35:43Z">
          <reporter-output>
          </reporter-output>
        </test-method> <!-- testLogin -->
        <test-method status="PASS" signature="afterClass()[pri:0, instance:GoogleProject.TestLogin@1fa1d9b]" name="afterClass" is-config="true" duration-ms="0" started-at="2017-09-20T18:35:43Z" finished-at="2017-09-20T18:35:43Z">
          <reporter-output>
          </reporter-output>
        </test-method> <!-- afterClass -->
      </class> <!-- GoogleProject.TestLogin -->
    </test> <!-- Default test -->
  </suite> <!-- Default suite -->
</testng-results>
