<?xml version="1.0" encoding="UTF-8"?>
<!-- Generated by org.testng.reporters.JUnitXMLReporter -->
<testsuite hostname="sucheta-K55VM" ignored="4" name="Application Test" tests="4" failures="0" timestamp="22 Aug 2017 18:50:44 GMT" time="0.031" errors="0">
  <testcase name="testMethod1" time="0.004" classname="regressionSuite.TestNG_TestClass1"/>
  <testcase name="testMethod2" time="0.001" classname="regressionSuite.TestNG_TestClass1"/>
  <testcase name="testMethod1" time="0.001" classname="regressionSuite.TestNG_TestClass2"/>
  <testcase name="testMethod2" time="0.0" classname="regressionSuite.TestNG_TestClass2"/>
  <testcase name="@AfterTest afterTest" time="0.0" classname="base.BaseTestSuite">
    <ignored/>
  </testcase> <!-- @AfterTest afterTest -->
  <testcase name="@BeforeSuite beforeSuite" time="0.0" classname="base.BaseTestSuite">
    <ignored/>
  </testcase> <!-- @BeforeSuite beforeSuite -->
  <testcase name="@AfterSuite afterSuite" time="0.0" classname="base.BaseTestSuite">
    <ignored/>
  </testcase> <!-- @AfterSuite afterSuite -->
  <testcase name="@BeforeTest beforeTest" time="0.0" classname="base.BaseTestSuite">
    <ignored/>
  </testcase> <!-- @BeforeTest beforeTest -->
</testsuite> <!-- Application Test -->
