<?xml version="1.0" encoding="UTF-8"?>
<!-- Generated by org.testng.reporters.JUnitXMLReporter -->
<testsuite hostname="sucheta-K55VM" ignored="2" name="Group demo" tests="2" failures="0" timestamp="22 Aug 2017 22:51:28 GMT" time="0.029" errors="0">
  <testcase name="testAudiA6" time="0.004" classname="testClasses.TestNG_Grouping"/>
  <testcase name="testBMWA6" time="0.002" classname="testClasses.TestNG_Grouping"/>
  <testcase name="testNinja" time="0.0" classname="testClasses.TestNG_Grouping">
    <ignored/>
  </testcase> <!-- testNinja -->
  <testcase name="testHondaCBR" time="0.0" classname="testClasses.TestNG_Grouping">
    <ignored/>
  </testcase> <!-- testHondaCBR -->
</testsuite> <!-- Group demo -->
