<?xml version="1.0" encoding="UTF-8"?>
<!-- Generated by org.testng.reporters.JUnitXMLReporter -->
<testsuite hostname="sucheta-K55VM" ignored="0" name="Application Test 1" tests="2" failures="1" timestamp="06 Sep 2017 00:12:50 GMT" time="0.033" errors="0">
  <testcase name="testMethod1" time="0.007" classname="testClasses.TestNG_ListenerTest1"/>
  <testcase name="testMethod2" time="0.001" classname="testClasses.TestNG_ListenerTest1">
    <failure type="java.lang.AssertionError">
      <![CDATA[java.lang.AssertionError
	at org.junit.Assert.fail(Assert.java:86)
	at org.junit.Assert.assertTrue(Assert.java:41)
	at org.junit.Assert.assertTrue(Assert.java:52)
	at testClasses.TestNG_ListenerTest1.testMethod2(TestNG_ListenerTest1.java:33)
... Removed 25 stack frames]]>
    </failure>
  </testcase> <!-- testMethod2 -->
</testsuite> <!-- Application Test 1 -->
