<?xml version="1.0" encoding="UTF-8"?>
<!-- Generated by org.testng.reporters.JUnitXMLReporter -->
<testsuite hostname="sucheta-K55VM" ignored="0" name="Test2" tests="4" failures="0" timestamp="31 Aug 2017 22:36:36 GMT" time="0.01" errors="0">
  <testcase name="testMethod1" time="0.001" classname="testClasses.TestNG_Preserve2"/>
  <testcase name="testMethod2" time="0.001" classname="testClasses.TestNG_Preserve2"/>
  <testcase name="testMethod1" time="0.001" classname="testClasses.TestNG_Preserve1"/>
  <testcase name="testMethod2" time="0.0" classname="testClasses.TestNG_Preserve1"/>
</testsuite> <!-- Test2 -->
